[debug] [2023-05-08T22:00:21.131Z] ----------------------------------------------------------------------
[debug] [2023-05-08T22:00:21.131Z] Command:       /usr/local/bin/node /usr/local/bin/firebase emulators:start
[debug] [2023-05-08T22:00:21.132Z] CLI Version:   11.25.2
[debug] [2023-05-08T22:00:21.132Z] Platform:      darwin
[debug] [2023-05-08T22:00:21.132Z] Node Version:  v18.15.0
[debug] [2023-05-08T22:00:21.135Z] Time:          Mon May 08 2023 18:00:21 GMT-0400 (Eastern Daylight Time)
[debug] [2023-05-08T22:00:21.135Z] ----------------------------------------------------------------------
[debug] 
[debug] [2023-05-08T22:00:21.168Z] > command requires scopes: ["email","openid","https://www.googleapis.com/auth/cloudplatformprojects.readonly","https://www.googleapis.com/auth/firebase","https://www.googleapis.com/auth/cloud-platform"]
[debug] [2023-05-08T22:00:21.168Z] > authorizing via signed-in user (verodefelic@gmail.com)
[info] i  emulators: Starting emulators: functions, hosting {"metadata":{"emulator":{"name":"hub"},"message":"Starting emulators: functions, hosting"}}
[debug] [2023-05-08T22:00:21.379Z] [logging] Logging Emulator only supports listening on one address (127.0.0.1). Not listening on ::1
[warn] ⚠  hosting: Hosting Emulator unable to start on port 5000, starting on 5002 instead. {"metadata":{"emulator":{"name":"hosting"},"message":"Hosting Emulator unable to start on port 5000, starting on 5002 instead."}}
[debug] [2023-05-08T22:00:21.379Z] [hosting] Hosting Emulator only supports listening on one address (127.0.0.1). Not listening on ::1
[debug] [2023-05-08T22:00:21.379Z] assigned listening specs for emulators {"user":{"hub":[{"address":"127.0.0.1","family":"IPv4","port":4400},{"address":"::1","family":"IPv6","port":4400}],"ui":[{"address":"127.0.0.1","family":"IPv4","port":4000},{"address":"::1","family":"IPv6","port":4000}],"logging":[{"address":"127.0.0.1","family":"IPv4","port":4500}],"hosting":[{"address":"127.0.0.1","family":"IPv4","port":5002}]},"metadata":{"message":"assigned listening specs for emulators"}}
[debug] [2023-05-08T22:00:21.382Z] [hub] writing locator at /var/folders/wg/bkj1x9tn3yg6f0gwtsy5hx0c0000gn/T/hub-bite-buster-api.json
[debug] [2023-05-08T22:00:21.470Z] [functions] Functions Emulator only supports listening on one address (127.0.0.1). Not listening on ::1
[debug] [2023-05-08T22:00:21.470Z] [eventarc] Eventarc Emulator only supports listening on one address (127.0.0.1). Not listening on ::1
[debug] [2023-05-08T22:00:21.470Z] late-assigned ports for functions and eventarc emulators {"user":{"hub":[{"address":"127.0.0.1","family":"IPv4","port":4400},{"address":"::1","family":"IPv6","port":4400}],"ui":[{"address":"127.0.0.1","family":"IPv4","port":4000},{"address":"::1","family":"IPv6","port":4000}],"logging":[{"address":"127.0.0.1","family":"IPv4","port":4500}],"hosting":[{"address":"127.0.0.1","family":"IPv4","port":5002}],"functions":[{"address":"127.0.0.1","family":"IPv4","port":5001}],"eventarc":[{"address":"127.0.0.1","family":"IPv4","port":9299}]},"metadata":{"message":"late-assigned ports for functions and eventarc emulators"}}
[warn] ⚠  functions: The following emulators are not running, calls to these services from the Functions emulator will affect production: auth, firestore, database, pubsub, storage {"metadata":{"emulator":{"name":"functions"},"message":"The following emulators are not running, calls to these services from the Functions emulator will affect production: \u001b[1mauth, firestore, database, pubsub, storage\u001b[22m"}}
[debug] [2023-05-08T22:00:21.471Z] defaultcredentials: writing to file /Users/veronicadefelice/.config/firebase/verodefelic_gmail_com_application_default_credentials.json
[debug] [2023-05-08T22:00:21.476Z] Setting GAC to /Users/veronicadefelice/.config/firebase/verodefelic_gmail_com_application_default_credentials.json {"metadata":{"emulator":{"name":"functions"},"message":"Setting GAC to /Users/veronicadefelice/.config/firebase/verodefelic_gmail_com_application_default_credentials.json"}}
[debug] [2023-05-08T22:00:21.477Z] >>> [apiv2][query] GET https://firebase.googleapis.com/v1beta1/projects/bite-buster-api/adminSdkConfig [none]
[debug] [2023-05-08T22:00:21.976Z] <<< [apiv2][status] GET https://firebase.googleapis.com/v1beta1/projects/bite-buster-api/adminSdkConfig 200
[debug] [2023-05-08T22:00:21.976Z] <<< [apiv2][body] GET https://firebase.googleapis.com/v1beta1/projects/bite-buster-api/adminSdkConfig {"projectId":"bite-buster-api","storageBucket":"bite-buster-api.appspot.com"}
[debug] [2023-05-08T22:00:21.991Z] >>> [apiv2][query] GET https://firebasehosting.googleapis.com/v1beta1/projects/bite-buster-api/sites 
[debug] [2023-05-08T22:00:22.503Z] <<< [apiv2][status] GET https://firebasehosting.googleapis.com/v1beta1/projects/bite-buster-api/sites 200
[debug] [2023-05-08T22:00:22.504Z] <<< [apiv2][body] GET https://firebasehosting.googleapis.com/v1beta1/projects/bite-buster-api/sites {"sites":[{"name":"projects/bite-buster-api/sites/bite-buster-api","defaultUrl":"https://bite-buster-api.web.app","type":"DEFAULT_SITE"}]}
[debug] [2023-05-08T22:00:22.504Z] >>> [apiv2][query] GET https://firebase.googleapis.com/v1beta1/projects/bite-buster-api/webApps/-/config [none]
[debug] [2023-05-08T22:00:22.945Z] <<< [apiv2][status] GET https://firebase.googleapis.com/v1beta1/projects/bite-buster-api/webApps/-/config 200
[debug] [2023-05-08T22:00:22.945Z] <<< [apiv2][body] GET https://firebase.googleapis.com/v1beta1/projects/bite-buster-api/webApps/-/config {"projectId":"bite-buster-api","storageBucket":"bite-buster-api.appspot.com","apiKey":"AIzaSyAMselq-gfwBC4HrazM4adaFYhpIWnhxcY","authDomain":"bite-buster-api.firebaseapp.com","messagingSenderId":"648637716347"}
[debug] [2023-05-08T22:00:22.953Z] >>> [apiv2][query] GET https://firebase.googleapis.com/v1beta1/projects/bite-buster-api [none]
[debug] [2023-05-08T22:00:23.234Z] <<< [apiv2][status] GET https://firebase.googleapis.com/v1beta1/projects/bite-buster-api 200
[debug] [2023-05-08T22:00:23.235Z] <<< [apiv2][body] GET https://firebase.googleapis.com/v1beta1/projects/bite-buster-api {"projectId":"bite-buster-api","projectNumber":"648637716347","displayName":"bite-buster-api","name":"projects/bite-buster-api","resources":{"hostingSite":"bite-buster-api"},"state":"ACTIVE","etag":"1_64355e9c-c7db-4694-bb71-48c8bbe3940a"}
[info] i  hosting[bite-buster-api]: Serving hosting files from: public {"metadata":{"emulator":{"name":"hosting"},"message":"Serving hosting files from: \u001b[1mpublic\u001b[22m"}}
[info] ✔  hosting[bite-buster-api]: Local server: http://127.0.0.1:5002 {"metadata":{"emulator":{"name":"hosting"},"message":"Local server: \u001b[4m\u001b[1mhttp://127.0.0.1:5002\u001b[22m\u001b[24m"}}
[debug] [2023-05-08T22:00:23.297Z] Ignoring unsupported arg: auto_download {"metadata":{"emulator":{"name":"ui"},"message":"Ignoring unsupported arg: auto_download"}}
[debug] [2023-05-08T22:00:23.297Z] Ignoring unsupported arg: port {"metadata":{"emulator":{"name":"ui"},"message":"Ignoring unsupported arg: port"}}
[debug] [2023-05-08T22:00:23.297Z] Starting Emulator UI with command {"binary":"node","args":["/Users/veronicadefelice/.cache/firebase/emulators/ui-v1.11.4/server/server.js"],"optionalArgs":[],"joinArgs":false} {"metadata":{"emulator":{"name":"ui"},"message":"Starting Emulator UI with command {\"binary\":\"node\",\"args\":[\"/Users/veronicadefelice/.cache/firebase/emulators/ui-v1.11.4/server/server.js\"],\"optionalArgs\":[],\"joinArgs\":false}"}}
[info] i  ui: Emulator UI logging to ui-debug.log {"metadata":{"emulator":{"name":"ui"},"message":"Emulator UI logging to \u001b[1mui-debug.log\u001b[22m"}}
[debug] [2023-05-08T22:00:23.358Z] Web / API server started at 127.0.0.1:4000
 {"metadata":{"emulator":{"name":"ui"},"message":"Web / API server started at 127.0.0.1:4000\n"}}
[debug] [2023-05-08T22:00:23.359Z] Web / API server started at ::1:4000
 {"metadata":{"emulator":{"name":"ui"},"message":"Web / API server started at ::1:4000\n"}}
[info] i  functions: Watching "/Users/veronicadefelice/code/bite-buster-api/functions" for Cloud Functions... {"metadata":{"emulator":{"name":"functions"},"message":"Watching \"/Users/veronicadefelice/code/bite-buster-api/functions\" for Cloud Functions..."}}
[debug] [2023-05-08T22:00:23.562Z] Validating nodejs source
[debug] [2023-05-08T22:00:24.101Z] > [functions] package.json contents: {
  "name": "bite-buster-api",
  "version": "1.0.0",
  "description": "",
  "main": "index.js",
  "type": "module",
  "scripts": {
    "test": "echo \"Error: no test specified\" && exit 1"
  },
  "keywords": [],
  "author": "",
  "license": "ISC",
  "dependencies": {
    "cors": "^2.8.5",
    "express": "^4.18.2",
    "firebase-functions": "^4.4.0",
    "mongodb": "^5.4.0"
  }
}
[debug] [2023-05-08T22:00:24.102Z] Building nodejs source
[debug] [2023-05-08T22:00:24.102Z] Failed to find version of module node: reached end of search path /Users/veronicadefelice/code/bite-buster-api/functions/node_modules
[info] ✔  functions: Using node@18 from host. 
[debug] [2023-05-08T22:00:24.104Z] Could not find functions.yaml. Must use http discovery
[debug] [2023-05-08T22:00:24.108Z] Found firebase-functions binary at '/Users/veronicadefelice/code/bite-buster-api/functions/node_modules/.bin/firebase-functions'
[debug] [2023-05-08T22:00:24.219Z] Serving at port 8074

[debug] [2023-05-08T22:00:24.420Z] Got response from /__/functions.yaml {"endpoints":{"api":{"platform":"gcfv1","availableMemoryMb":null,"timeoutSeconds":null,"minInstances":null,"maxInstances":null,"ingressSettings":null,"serviceAccountEmail":null,"vpc":null,"httpsTrigger":{},"entryPoint":"api"}},"specVersion":"v1alpha1","requiredAPIs":[]}
[debug] [2023-05-08T22:00:24.422Z] Listening on http://localhost:3000...

[debug] [2023-05-08T22:00:24.424Z] shutdown requested via /__/quitquitquit

[info] ✔  functions: Loaded functions definitions from source: api. {"metadata":{"emulator":{"name":"functions"},"message":"Loaded functions definitions from source: api."}}
[info] ✔  functions[us-central1-api]: http function initialized (http://127.0.0.1:5001/bite-buster-api/us-central1/api). {"metadata":{"emulator":{"name":"functions"},"message":"\u001b[1mhttp\u001b[22m function initialized (http://127.0.0.1:5001/bite-buster-api/us-central1/api)."}}
[info] 
┌─────────────────────────────────────────────────────────────┐
│ ✔  All emulators ready! It is now safe to connect your app. │
│ i  View Emulator UI at http://127.0.0.1:4000/               │
└─────────────────────────────────────────────────────────────┘

┌───────────┬────────────────┬─────────────────────────────────┐
│ Emulator  │ Host:Port      │ View in Emulator UI             │
├───────────┼────────────────┼─────────────────────────────────┤
│ Functions │ 127.0.0.1:5001 │ http://127.0.0.1:4000/functions │
├───────────┼────────────────┼─────────────────────────────────┤
│ Hosting   │ 127.0.0.1:5002 │ n/a                             │
└───────────┴────────────────┴─────────────────────────────────┘
  Emulator Hub running at 127.0.0.1:4400
  Other reserved ports: 4500

Issues? Report them at https://github.com/firebase/firebase-tools/issues and attach the *-debug.log files.
 
[debug] [2023-05-08T22:01:14.982Z] [work-queue] {"queuedWork":["/bite-buster-api/us-central1/api/restaurants-2023-05-08T22:01:14.982Z"],"queueLength":1,"runningWork":[],"workRunningCount":0}
[debug] [2023-05-08T22:01:14.983Z] [work-queue] {"queuedWork":[],"queueLength":0,"runningWork":["/bite-buster-api/us-central1/api/restaurants-2023-05-08T22:01:14.982Z"],"workRunningCount":1}
[debug] [2023-05-08T22:01:14.983Z] Accepted request GET /bite-buster-api/us-central1/api/restaurants --> us-central1-api
[debug] [2023-05-08T22:01:14.984Z] [functions] Runtime ready! Sending request! {"metadata":{"emulator":{"name":"functions"},"message":"[functions] Runtime ready! Sending request!"}}
[debug] [2023-05-08T22:01:14.984Z] [functions] Got req.url=/bite-buster-api/us-central1/api/restaurants, mapping to path=/restaurants {"metadata":{"emulator":{"name":"functions"},"message":"[functions] Got req.url=/bite-buster-api/us-central1/api/restaurants, mapping to path=/restaurants"}}
[debug] [2023-05-08T22:01:14.988Z] [worker-pool] addWorker(us-central1-api) {"metadata":{"emulator":{"name":"functions"},"message":"[worker-pool] addWorker(us-central1-api)"}}
[debug] [2023-05-08T22:01:14.989Z] [worker-pool] Adding worker with key us-central1-api, total=1 {"metadata":{"emulator":{"name":"functions"},"message":"[worker-pool] Adding worker with key us-central1-api, total=1"}}
[warn] ⚠  The Cloud Functions emulator requires the module "firebase-admin" to be installed as a dependency. To fix this, run "npm install --save firebase-admin" in your functions directory. {"metadata":{"emulator":{"name":"functions"},"function":{"name":"us-central1-api"},"extension":{},"message":"The Cloud Functions emulator requires the module \"firebase-admin\" to be installed as a dependency. To fix this, run \"npm install --save firebase-admin\" in your functions directory."}}
[info] i  functions: Your functions could not be parsed due to an issue with your node_modules (see above) {"metadata":{"emulator":{"name":"functions"},"function":{"name":"us-central1-api"},"extension":{},"message":"Your functions could not be parsed due to an issue with your node_modules (see above)"}}
[debug] [2023-05-08T22:01:15.696Z] [runtime-status] [10499] Functions runtime initialized. {"cwd":"/Users/veronicadefelice/code/bite-buster-api/functions","node_version":"18.15.0"} {"metadata":{"emulator":{"name":"functions"},"function":{"name":"us-central1-api"},"extension":{},"message":"[runtime-status] [10499] Functions runtime initialized. {\"cwd\":\"/Users/veronicadefelice/code/bite-buster-api/functions\",\"node_version\":\"18.15.0\"}"}}
[info] >  Listening on http://localhost:3000... {"user":"Listening on http://localhost:3000...","metadata":{"emulator":{"name":"functions"},"function":{"name":"us-central1-api"},"extension":{},"message":"\u001b[90m> \u001b[39m Listening on http://localhost:3000..."}}
[debug] [2023-05-08T22:01:15.696Z] [runtime-status] [10499] Listening to port: /var/folders/wg/bkj1x9tn3yg6f0gwtsy5hx0c0000gn/T/fire_emu_5159b46acf168600.sock {"metadata":{"emulator":{"name":"functions"},"function":{"name":"us-central1-api"},"extension":{},"message":"[runtime-status] [10499] Listening to port: /var/folders/wg/bkj1x9tn3yg6f0gwtsy5hx0c0000gn/T/fire_emu_5159b46acf168600.sock"}}
[debug] [2023-05-08T22:01:15.702Z] [worker-us-central1-api-959321ea-dcff-4dba-a1c3-da78542ce81f]: IDLE {"metadata":{"emulator":{"name":"functions"},"function":{"name":"us-central1-api"},"extension":{},"message":"[worker-us-central1-api-959321ea-dcff-4dba-a1c3-da78542ce81f]: IDLE"}}
[debug] [2023-05-08T22:01:15.702Z] [worker-pool] submitRequest(triggerId=us-central1-api) {"metadata":{"emulator":{"name":"functions"},"message":"[worker-pool] submitRequest(triggerId=us-central1-api)"}}
[info] i  functions: Beginning execution of "us-central1-api" {"metadata":{"emulator":{"name":"functions"},"function":{"name":"us-central1-api"},"extension":{},"message":"Beginning execution of \"us-central1-api\""}}
[debug] [2023-05-08T22:01:15.702Z] [worker-us-central1-api-959321ea-dcff-4dba-a1c3-da78542ce81f]: BUSY {"metadata":{"emulator":{"name":"functions"},"function":{"name":"us-central1-api"},"extension":{},"message":"[worker-us-central1-api-959321ea-dcff-4dba-a1c3-da78542ce81f]: BUSY"}}
[info] i  functions: Finished "us-central1-api" in 629.39375ms {"metadata":{"emulator":{"name":"functions"},"function":{"name":"us-central1-api"},"extension":{},"message":"Finished \"us-central1-api\" in 629.39375ms"}}
[debug] [2023-05-08T22:01:16.333Z] [worker-us-central1-api-959321ea-dcff-4dba-a1c3-da78542ce81f]: IDLE {"metadata":{"emulator":{"name":"functions"},"function":{"name":"us-central1-api"},"extension":{},"message":"[worker-us-central1-api-959321ea-dcff-4dba-a1c3-da78542ce81f]: IDLE"}}
[debug] [2023-05-08T22:01:16.333Z] [work-queue] {"queuedWork":[],"queueLength":0,"runningWork":[],"workRunningCount":0}
[debug] [2023-05-08T22:01:28.078Z] Functions emulator received unknown request at path /restaurants
[debug] [2023-05-08T22:01:32.130Z] Functions emulator received unknown request at path /restaurants
[debug] [2023-05-08T22:01:57.266Z] File /Users/veronicadefelice/code/bite-buster-api/functions/index.js changed, reloading triggers {"metadata":{"emulator":{"name":"functions"},"message":"File /Users/veronicadefelice/code/bite-buster-api/functions/index.js changed, reloading triggers"}}
[debug] [2023-05-08T22:01:58.270Z] Validating nodejs source
[debug] [2023-05-08T22:01:58.867Z] > [functions] package.json contents: {
  "name": "bite-buster-api",
  "version": "1.0.0",
  "description": "",
  "main": "index.js",
  "type": "module",
  "scripts": {
    "test": "echo \"Error: no test specified\" && exit 1"
  },
  "keywords": [],
  "author": "",
  "license": "ISC",
  "dependencies": {
    "cors": "^2.8.5",
    "express": "^4.18.2",
    "firebase-functions": "^4.4.0",
    "mongodb": "^5.4.0"
  }
}
[debug] [2023-05-08T22:01:58.867Z] Building nodejs source
[debug] [2023-05-08T22:01:58.868Z] Failed to find version of module node: reached end of search path /Users/veronicadefelice/code/bite-buster-api/functions/node_modules
[info] ✔  functions: Using node@18 from host. 
[debug] [2023-05-08T22:01:58.868Z] Could not find functions.yaml. Must use http discovery
[debug] [2023-05-08T22:01:58.869Z] Found firebase-functions binary at '/Users/veronicadefelice/code/bite-buster-api/functions/node_modules/.bin/firebase-functions'
[debug] [2023-05-08T22:01:58.973Z] Serving at port 8510

[debug] [2023-05-08T22:01:59.152Z] Got response from /__/functions.yaml {"endpoints":{"api":{"platform":"gcfv1","availableMemoryMb":null,"timeoutSeconds":null,"minInstances":null,"maxInstances":null,"ingressSettings":null,"serviceAccountEmail":null,"vpc":null,"httpsTrigger":{},"entryPoint":"api"}},"specVersion":"v1alpha1","requiredAPIs":[]}
[error] ⬢  functions: Failed to load function definition from source: FetchError: request to http://localhost:8510/__/quitquitquit failed, reason: read ECONNRESET {"metadata":{"emulator":{"name":"functions"},"message":"Failed to load function definition from source: FetchError: request to http://localhost:8510/__/quitquitquit failed, reason: read ECONNRESET"}}
[debug] [2023-05-08T22:03:01.514Z] File /Users/veronicadefelice/code/bite-buster-api/functions/index.js changed, reloading triggers {"metadata":{"emulator":{"name":"functions"},"message":"File /Users/veronicadefelice/code/bite-buster-api/functions/index.js changed, reloading triggers"}}
[debug] [2023-05-08T22:03:02.517Z] Validating nodejs source
[debug] [2023-05-08T22:03:02.970Z] > [functions] package.json contents: {
  "name": "bite-buster-api",
  "version": "1.0.0",
  "description": "",
  "main": "index.js",
  "type": "module",
  "scripts": {
    "test": "echo \"Error: no test specified\" && exit 1"
  },
  "keywords": [],
  "author": "",
  "license": "ISC",
  "dependencies": {
    "cors": "^2.8.5",
    "express": "^4.18.2",
    "firebase-functions": "^4.4.0",
    "mongodb": "^5.4.0"
  }
}
[debug] [2023-05-08T22:03:02.970Z] Building nodejs source
[debug] [2023-05-08T22:03:02.970Z] Failed to find version of module node: reached end of search path /Users/veronicadefelice/code/bite-buster-api/functions/node_modules
[info] ✔  functions: Using node@18 from host. 
[debug] [2023-05-08T22:03:02.970Z] Could not find functions.yaml. Must use http discovery
[debug] [2023-05-08T22:03:02.971Z] Found firebase-functions binary at '/Users/veronicadefelice/code/bite-buster-api/functions/node_modules/.bin/firebase-functions'
[debug] [2023-05-08T22:03:03.067Z] Serving at port 8473

[debug] [2023-05-08T22:03:03.247Z] Got response from /__/functions.yaml {"endpoints":{"api":{"platform":"gcfv1","availableMemoryMb":null,"timeoutSeconds":null,"minInstances":null,"maxInstances":null,"ingressSettings":null,"serviceAccountEmail":null,"vpc":null,"httpsTrigger":{},"entryPoint":"api"}},"specVersion":"v1alpha1","requiredAPIs":[]}
[debug] [2023-05-08T22:03:03.251Z] shutdown requested via /__/quitquitquit

[info] ✔  functions: Loaded functions definitions from source: api. {"metadata":{"emulator":{"name":"functions"},"message":"Loaded functions definitions from source: api."}}
[debug] [2023-05-08T22:03:03.258Z] [worker-pool] Shutting down IDLE worker (us-central1-api) {"metadata":{"emulator":{"name":"functions"},"message":"[worker-pool] Shutting down IDLE worker (us-central1-api)"}}
[debug] [2023-05-08T22:03:03.258Z] [worker-us-central1-api-959321ea-dcff-4dba-a1c3-da78542ce81f]: FINISHING {"metadata":{"emulator":{"name":"functions"},"function":{"name":"us-central1-api"},"extension":{},"message":"[worker-us-central1-api-959321ea-dcff-4dba-a1c3-da78542ce81f]: FINISHING"}}
[debug] [2023-05-08T22:03:03.261Z] [worker-us-central1-api-959321ea-dcff-4dba-a1c3-da78542ce81f]: exited {"metadata":{"emulator":{"name":"functions"},"function":{"name":"us-central1-api"},"extension":{},"message":"[worker-us-central1-api-959321ea-dcff-4dba-a1c3-da78542ce81f]: exited"}}
[debug] [2023-05-08T22:03:03.261Z] [worker-us-central1-api-959321ea-dcff-4dba-a1c3-da78542ce81f]: FINISHED {"metadata":{"emulator":{"name":"functions"},"function":{"name":"us-central1-api"},"extension":{},"message":"[worker-us-central1-api-959321ea-dcff-4dba-a1c3-da78542ce81f]: FINISHED"}}
[debug] [2023-05-08T22:03:06.013Z] File /Users/veronicadefelice/code/bite-buster-api/functions/index.js changed, reloading triggers {"metadata":{"emulator":{"name":"functions"},"message":"File /Users/veronicadefelice/code/bite-buster-api/functions/index.js changed, reloading triggers"}}
[debug] [2023-05-08T22:03:07.015Z] Validating nodejs source
[debug] [2023-05-08T22:03:07.425Z] > [functions] package.json contents: {
  "name": "bite-buster-api",
  "version": "1.0.0",
  "description": "",
  "main": "index.js",
  "type": "module",
  "scripts": {
    "test": "echo \"Error: no test specified\" && exit 1"
  },
  "keywords": [],
  "author": "",
  "license": "ISC",
  "dependencies": {
    "cors": "^2.8.5",
    "express": "^4.18.2",
    "firebase-functions": "^4.4.0",
    "mongodb": "^5.4.0"
  }
}
[debug] [2023-05-08T22:03:07.425Z] Building nodejs source
[debug] [2023-05-08T22:03:07.425Z] Failed to find version of module node: reached end of search path /Users/veronicadefelice/code/bite-buster-api/functions/node_modules
[info] ✔  functions: Using node@18 from host. 
[debug] [2023-05-08T22:03:07.425Z] Could not find functions.yaml. Must use http discovery
[debug] [2023-05-08T22:03:07.426Z] Found firebase-functions binary at '/Users/veronicadefelice/code/bite-buster-api/functions/node_modules/.bin/firebase-functions'
[debug] [2023-05-08T22:03:07.503Z] Serving at port 8039

[debug] [2023-05-08T22:03:07.640Z] Got response from /__/functions.yaml {"endpoints":{"api":{"platform":"gcfv1","availableMemoryMb":null,"timeoutSeconds":null,"minInstances":null,"maxInstances":null,"ingressSettings":null,"serviceAccountEmail":null,"vpc":null,"httpsTrigger":{},"entryPoint":"api"}},"specVersion":"v1alpha1","requiredAPIs":[]}
[debug] [2023-05-08T22:03:07.643Z] shutdown requested via /__/quitquitquit

[info] ✔  functions: Loaded functions definitions from source: api. {"metadata":{"emulator":{"name":"functions"},"message":"Loaded functions definitions from source: api."}}
[debug] [2023-05-08T22:03:18.223Z] Functions emulator received unknown request at path /restaurants
[debug] [2023-05-08T22:03:39.806Z] File /Users/veronicadefelice/code/bite-buster-api/functions/index.js changed, reloading triggers {"metadata":{"emulator":{"name":"functions"},"message":"File /Users/veronicadefelice/code/bite-buster-api/functions/index.js changed, reloading triggers"}}
[debug] [2023-05-08T22:03:40.808Z] Validating nodejs source
[debug] [2023-05-08T22:03:41.197Z] > [functions] package.json contents: {
  "name": "bite-buster-api",
  "version": "1.0.0",
  "description": "",
  "main": "index.js",
  "type": "module",
  "scripts": {
    "test": "echo \"Error: no test specified\" && exit 1"
  },
  "keywords": [],
  "author": "",
  "license": "ISC",
  "dependencies": {
    "cors": "^2.8.5",
    "express": "^4.18.2",
    "firebase-functions": "^4.4.0",
    "mongodb": "^5.4.0"
  }
}
[debug] [2023-05-08T22:03:41.197Z] Building nodejs source
[debug] [2023-05-08T22:03:41.197Z] Failed to find version of module node: reached end of search path /Users/veronicadefelice/code/bite-buster-api/functions/node_modules
[info] ✔  functions: Using node@18 from host. 
[debug] [2023-05-08T22:03:41.197Z] Could not find functions.yaml. Must use http discovery
[debug] [2023-05-08T22:03:41.198Z] Found firebase-functions binary at '/Users/veronicadefelice/code/bite-buster-api/functions/node_modules/.bin/firebase-functions'
[debug] [2023-05-08T22:03:41.291Z] Serving at port 8123

[debug] [2023-05-08T22:03:41.466Z] Got response from /__/functions.yaml {"endpoints":{"api":{"platform":"gcfv1","availableMemoryMb":null,"timeoutSeconds":null,"minInstances":null,"maxInstances":null,"ingressSettings":null,"serviceAccountEmail":null,"vpc":null,"httpsTrigger":{},"entryPoint":"api"}},"specVersion":"v1alpha1","requiredAPIs":[]}
[debug] [2023-05-08T22:03:41.466Z] Listening on http://localhost:3000...

[debug] [2023-05-08T22:03:41.470Z] shutdown requested via /__/quitquitquit

[info] ✔  functions: Loaded functions definitions from source: api. {"metadata":{"emulator":{"name":"functions"},"message":"Loaded functions definitions from source: api."}}
[debug] [2023-05-08T22:04:29.113Z] File /Users/veronicadefelice/code/bite-buster-api/functions/src/restaurants.js changed, reloading triggers {"metadata":{"emulator":{"name":"functions"},"message":"File /Users/veronicadefelice/code/bite-buster-api/functions/src/restaurants.js changed, reloading triggers"}}
[debug] [2023-05-08T22:04:30.116Z] Validating nodejs source
[debug] [2023-05-08T22:04:30.578Z] > [functions] package.json contents: {
  "name": "bite-buster-api",
  "version": "1.0.0",
  "description": "",
  "main": "index.js",
  "type": "module",
  "scripts": {
    "test": "echo \"Error: no test specified\" && exit 1"
  },
  "keywords": [],
  "author": "",
  "license": "ISC",
  "dependencies": {
    "cors": "^2.8.5",
    "express": "^4.18.2",
    "firebase-functions": "^4.4.0",
    "mongodb": "^5.4.0"
  }
}
[debug] [2023-05-08T22:04:30.578Z] Building nodejs source
[debug] [2023-05-08T22:04:30.578Z] Failed to find version of module node: reached end of search path /Users/veronicadefelice/code/bite-buster-api/functions/node_modules
[info] ✔  functions: Using node@18 from host. 
[debug] [2023-05-08T22:04:30.578Z] Could not find functions.yaml. Must use http discovery
[debug] [2023-05-08T22:04:30.579Z] Found firebase-functions binary at '/Users/veronicadefelice/code/bite-buster-api/functions/node_modules/.bin/firebase-functions'
[debug] [2023-05-08T22:04:30.673Z] Serving at port 8711

[debug] [2023-05-08T22:04:30.961Z] Got response from /__/functions.yaml {"endpoints":{"api":{"platform":"gcfv1","availableMemoryMb":null,"timeoutSeconds":null,"minInstances":null,"maxInstances":null,"ingressSettings":null,"serviceAccountEmail":null,"vpc":null,"httpsTrigger":{},"entryPoint":"api"}},"specVersion":"v1alpha1","requiredAPIs":[]}
[debug] [2023-05-08T22:04:30.962Z] Listening on http://localhost:3000...

[debug] [2023-05-08T22:04:30.963Z] shutdown requested via /__/quitquitquit

[debug] [2023-05-08T22:04:39.301Z] File /Users/veronicadefelice/code/bite-buster-api/functions/src/restaurants.js changed, reloading triggers {"metadata":{"emulator":{"name":"functions"},"message":"File /Users/veronicadefelice/code/bite-buster-api/functions/src/restaurants.js changed, reloading triggers"}}
[debug] [2023-05-08T22:04:40.304Z] Validating nodejs source
[debug] [2023-05-08T22:04:40.781Z] > [functions] package.json contents: {
  "name": "bite-buster-api",
  "version": "1.0.0",
  "description": "",
  "main": "index.js",
  "type": "module",
  "scripts": {
    "test": "echo \"Error: no test specified\" && exit 1"
  },
  "keywords": [],
  "author": "",
  "license": "ISC",
  "dependencies": {
    "cors": "^2.8.5",
    "express": "^4.18.2",
    "firebase-functions": "^4.4.0",
    "mongodb": "^5.4.0"
  }
}
[debug] [2023-05-08T22:04:40.781Z] Building nodejs source
[debug] [2023-05-08T22:04:40.781Z] Failed to find version of module node: reached end of search path /Users/veronicadefelice/code/bite-buster-api/functions/node_modules
[info] ✔  functions: Using node@18 from host. 
[debug] [2023-05-08T22:04:40.781Z] Could not find functions.yaml. Must use http discovery
[debug] [2023-05-08T22:04:40.782Z] Found firebase-functions binary at '/Users/veronicadefelice/code/bite-buster-api/functions/node_modules/.bin/firebase-functions'
[debug] [2023-05-08T22:04:40.880Z] Serving at port 8420

[info] ✔  functions: Loaded functions definitions from source: api. {"metadata":{"emulator":{"name":"functions"},"message":"Loaded functions definitions from source: api."}}
[debug] [2023-05-08T22:04:41.056Z] Got response from /__/functions.yaml {"endpoints":{"api":{"platform":"gcfv1","availableMemoryMb":null,"timeoutSeconds":null,"minInstances":null,"maxInstances":null,"ingressSettings":null,"serviceAccountEmail":null,"vpc":null,"httpsTrigger":{},"entryPoint":"api"}},"specVersion":"v1alpha1","requiredAPIs":[]}
[debug] [2023-05-08T22:04:41.057Z] Listening on http://localhost:3000...

[debug] [2023-05-08T22:04:41.059Z] shutdown requested via /__/quitquitquit

[info] ✔  functions: Loaded functions definitions from source: api. {"metadata":{"emulator":{"name":"functions"},"message":"Loaded functions definitions from source: api."}}
[debug] [2023-05-08T22:07:25.200Z] File /Users/veronicadefelice/code/bite-buster-api/functions/src/restaurants.js changed, reloading triggers {"metadata":{"emulator":{"name":"functions"},"message":"File /Users/veronicadefelice/code/bite-buster-api/functions/src/restaurants.js changed, reloading triggers"}}
[debug] [2023-05-08T22:07:26.203Z] Validating nodejs source
[debug] [2023-05-08T22:07:26.867Z] > [functions] package.json contents: {
  "name": "bite-buster-api",
  "version": "1.0.0",
  "description": "",
  "main": "index.js",
  "type": "module",
  "scripts": {
    "test": "echo \"Error: no test specified\" && exit 1"
  },
  "keywords": [],
  "author": "",
  "license": "ISC",
  "dependencies": {
    "cors": "^2.8.5",
    "express": "^4.18.2",
    "firebase-functions": "^4.4.0",
    "mongodb": "^5.4.0"
  }
}
[debug] [2023-05-08T22:07:26.867Z] Building nodejs source
[debug] [2023-05-08T22:07:26.867Z] Failed to find version of module node: reached end of search path /Users/veronicadefelice/code/bite-buster-api/functions/node_modules
[info] ✔  functions: Using node@18 from host. 
[debug] [2023-05-08T22:07:26.868Z] Could not find functions.yaml. Must use http discovery
[debug] [2023-05-08T22:07:26.869Z] Found firebase-functions binary at '/Users/veronicadefelice/code/bite-buster-api/functions/node_modules/.bin/firebase-functions'
[debug] [2023-05-08T22:07:26.966Z] Serving at port 8726

[debug] [2023-05-08T22:07:27.143Z] Got response from /__/functions.yaml {"endpoints":{"api":{"platform":"gcfv1","availableMemoryMb":null,"timeoutSeconds":null,"minInstances":null,"maxInstances":null,"ingressSettings":null,"serviceAccountEmail":null,"vpc":null,"httpsTrigger":{},"entryPoint":"api"}},"specVersion":"v1alpha1","requiredAPIs":[]}
[debug] [2023-05-08T22:07:27.144Z] Listening on http://localhost:3000...

[debug] [2023-05-08T22:07:27.148Z] shutdown requested via /__/quitquitquit

[info] ✔  functions: Loaded functions definitions from source: api. {"metadata":{"emulator":{"name":"functions"},"message":"Loaded functions definitions from source: api."}}
[debug] [2023-05-08T22:08:04.637Z] File /Users/veronicadefelice/code/bite-buster-api/functions/index.js changed, reloading triggers {"metadata":{"emulator":{"name":"functions"},"message":"File /Users/veronicadefelice/code/bite-buster-api/functions/index.js changed, reloading triggers"}}
[debug] [2023-05-08T22:08:05.641Z] Validating nodejs source
[debug] [2023-05-08T22:08:06.097Z] > [functions] package.json contents: {
  "name": "bite-buster-api",
  "version": "1.0.0",
  "description": "",
  "main": "index.js",
  "type": "module",
  "scripts": {
    "test": "echo \"Error: no test specified\" && exit 1"
  },
  "keywords": [],
  "author": "",
  "license": "ISC",
  "dependencies": {
    "cors": "^2.8.5",
    "express": "^4.18.2",
    "firebase-functions": "^4.4.0",
    "mongodb": "^5.4.0"
  }
}
[debug] [2023-05-08T22:08:06.097Z] Building nodejs source
[debug] [2023-05-08T22:08:06.097Z] Failed to find version of module node: reached end of search path /Users/veronicadefelice/code/bite-buster-api/functions/node_modules
[info] ✔  functions: Using node@18 from host. 
[debug] [2023-05-08T22:08:06.097Z] Could not find functions.yaml. Must use http discovery
[debug] [2023-05-08T22:08:06.098Z] Found firebase-functions binary at '/Users/veronicadefelice/code/bite-buster-api/functions/node_modules/.bin/firebase-functions'
[debug] [2023-05-08T22:08:06.192Z] Serving at port 8319

[debug] [2023-05-08T22:08:06.368Z] Got response from /__/functions.yaml {"endpoints":{"api":{"platform":"gcfv1","availableMemoryMb":null,"timeoutSeconds":null,"minInstances":null,"maxInstances":null,"ingressSettings":null,"serviceAccountEmail":null,"vpc":null,"httpsTrigger":{},"entryPoint":"api"}},"specVersion":"v1alpha1","requiredAPIs":[]}
[debug] [2023-05-08T22:08:06.369Z] Listening on http://localhost:3000...

[debug] [2023-05-08T22:08:06.371Z] shutdown requested via /__/quitquitquit

[info] ✔  functions: Loaded functions definitions from source: api. {"metadata":{"emulator":{"name":"functions"},"message":"Loaded functions definitions from source: api."}}
[debug] [2023-05-08T22:08:47.912Z] File /Users/veronicadefelice/code/bite-buster-api/functions/src/restaurants.js changed, reloading triggers {"metadata":{"emulator":{"name":"functions"},"message":"File /Users/veronicadefelice/code/bite-buster-api/functions/src/restaurants.js changed, reloading triggers"}}
[debug] [2023-05-08T22:08:48.916Z] Validating nodejs source
[debug] [2023-05-08T22:08:49.389Z] > [functions] package.json contents: {
  "name": "bite-buster-api",
  "version": "1.0.0",
  "description": "",
  "main": "index.js",
  "type": "module",
  "scripts": {
    "test": "echo \"Error: no test specified\" && exit 1"
  },
  "keywords": [],
  "author": "",
  "license": "ISC",
  "dependencies": {
    "cors": "^2.8.5",
    "express": "^4.18.2",
    "firebase-functions": "^4.4.0",
    "mongodb": "^5.4.0"
  }
}
[debug] [2023-05-08T22:08:49.389Z] Building nodejs source
[debug] [2023-05-08T22:08:49.389Z] Failed to find version of module node: reached end of search path /Users/veronicadefelice/code/bite-buster-api/functions/node_modules
[info] ✔  functions: Using node@18 from host. 
[debug] [2023-05-08T22:08:49.390Z] Could not find functions.yaml. Must use http discovery
[debug] [2023-05-08T22:08:49.390Z] Found firebase-functions binary at '/Users/veronicadefelice/code/bite-buster-api/functions/node_modules/.bin/firebase-functions'
[debug] [2023-05-08T22:08:49.482Z] Serving at port 8955

[debug] [2023-05-08T22:08:49.624Z] Got response from /__/functions.yaml {"endpoints":{"api":{"platform":"gcfv1","availableMemoryMb":null,"timeoutSeconds":null,"minInstances":null,"maxInstances":null,"ingressSettings":null,"serviceAccountEmail":null,"vpc":null,"httpsTrigger":{},"entryPoint":"api"}},"specVersion":"v1alpha1","requiredAPIs":[]}
[debug] [2023-05-08T22:08:49.624Z] Listening on http://localhost:3000...

[debug] [2023-05-08T22:08:49.626Z] shutdown requested via /__/quitquitquit

[debug] [2023-05-08T22:08:55.470Z] File /Users/veronicadefelice/code/bite-buster-api/functions/src/restaurants.js changed, reloading triggers {"metadata":{"emulator":{"name":"functions"},"message":"File /Users/veronicadefelice/code/bite-buster-api/functions/src/restaurants.js changed, reloading triggers"}}
[debug] [2023-05-08T22:08:56.473Z] Validating nodejs source
[debug] [2023-05-08T22:08:56.929Z] > [functions] package.json contents: {
  "name": "bite-buster-api",
  "version": "1.0.0",
  "description": "",
  "main": "index.js",
  "type": "module",
  "scripts": {
    "test": "echo \"Error: no test specified\" && exit 1"
  },
  "keywords": [],
  "author": "",
  "license": "ISC",
  "dependencies": {
    "cors": "^2.8.5",
    "express": "^4.18.2",
    "firebase-functions": "^4.4.0",
    "mongodb": "^5.4.0"
  }
}
[debug] [2023-05-08T22:08:56.929Z] Building nodejs source
[debug] [2023-05-08T22:08:56.929Z] Failed to find version of module node: reached end of search path /Users/veronicadefelice/code/bite-buster-api/functions/node_modules
[info] ✔  functions: Using node@18 from host. 
[debug] [2023-05-08T22:08:56.929Z] Could not find functions.yaml. Must use http discovery
[debug] [2023-05-08T22:08:56.930Z] Found firebase-functions binary at '/Users/veronicadefelice/code/bite-buster-api/functions/node_modules/.bin/firebase-functions'
[debug] [2023-05-08T22:08:57.027Z] Serving at port 8982

[debug] [2023-05-08T22:08:57.177Z] Got response from /__/functions.yaml {"endpoints":{"api":{"platform":"gcfv1","availableMemoryMb":null,"timeoutSeconds":null,"minInstances":null,"maxInstances":null,"ingressSettings":null,"serviceAccountEmail":null,"vpc":null,"httpsTrigger":{},"entryPoint":"api"}},"specVersion":"v1alpha1","requiredAPIs":[]}
[error] ⬢  functions: Failed to load function definition from source: FetchError: request to http://localhost:8982/__/quitquitquit failed, reason: read ECONNRESET {"metadata":{"emulator":{"name":"functions"},"message":"Failed to load function definition from source: FetchError: request to http://localhost:8982/__/quitquitquit failed, reason: read ECONNRESET"}}
[info] ✔  functions: Loaded functions definitions from source: api. {"metadata":{"emulator":{"name":"functions"},"message":"Loaded functions definitions from source: api."}}
[debug] [2023-05-08T22:10:04.022Z] [work-queue] {"queuedWork":["/bite-buster-api/us-central1/api/restaurants-2023-05-08T22:10:04.022Z"],"queueLength":1,"runningWork":[],"workRunningCount":0}
[debug] [2023-05-08T22:10:04.022Z] [work-queue] {"queuedWork":[],"queueLength":0,"runningWork":["/bite-buster-api/us-central1/api/restaurants-2023-05-08T22:10:04.022Z"],"workRunningCount":1}
[debug] [2023-05-08T22:10:04.022Z] Accepted request GET /bite-buster-api/us-central1/api/restaurants --> us-central1-api
[debug] [2023-05-08T22:10:04.023Z] [functions] Runtime ready! Sending request! {"metadata":{"emulator":{"name":"functions"},"message":"[functions] Runtime ready! Sending request!"}}
[debug] [2023-05-08T22:10:04.024Z] [functions] Got req.url=/bite-buster-api/us-central1/api/restaurants, mapping to path=/restaurants {"metadata":{"emulator":{"name":"functions"},"message":"[functions] Got req.url=/bite-buster-api/us-central1/api/restaurants, mapping to path=/restaurants"}}
[debug] [2023-05-08T22:10:04.024Z] [worker-pool] Cleaned up workers for us-central1-api: 1 --> 0 {"metadata":{"emulator":{"name":"functions"},"message":"[worker-pool] Cleaned up workers for us-central1-api: 1 --> 0"}}
[debug] [2023-05-08T22:10:04.027Z] [worker-pool] addWorker(us-central1-api) {"metadata":{"emulator":{"name":"functions"},"message":"[worker-pool] addWorker(us-central1-api)"}}
[debug] [2023-05-08T22:10:04.028Z] [worker-pool] Adding worker with key us-central1-api, total=1 {"metadata":{"emulator":{"name":"functions"},"message":"[worker-pool] Adding worker with key us-central1-api, total=1"}}
[warn] ⚠  The Cloud Functions emulator requires the module "firebase-admin" to be installed as a dependency. To fix this, run "npm install --save firebase-admin" in your functions directory. {"metadata":{"emulator":{"name":"functions"},"function":{"name":"us-central1-api"},"extension":{},"message":"The Cloud Functions emulator requires the module \"firebase-admin\" to be installed as a dependency. To fix this, run \"npm install --save firebase-admin\" in your functions directory."}}
[info] i  functions: Your functions could not be parsed due to an issue with your node_modules (see above) {"metadata":{"emulator":{"name":"functions"},"function":{"name":"us-central1-api"},"extension":{},"message":"Your functions could not be parsed due to an issue with your node_modules (see above)"}}
[debug] [2023-05-08T22:10:04.743Z] [runtime-status] [10622] Functions runtime initialized. {"cwd":"/Users/veronicadefelice/code/bite-buster-api/functions","node_version":"18.15.0"} {"metadata":{"emulator":{"name":"functions"},"function":{"name":"us-central1-api"},"extension":{},"message":"[runtime-status] [10622] Functions runtime initialized. {\"cwd\":\"/Users/veronicadefelice/code/bite-buster-api/functions\",\"node_version\":\"18.15.0\"}"}}
[info] >  Listening on http://localhost:3000... {"user":"Listening on http://localhost:3000...","metadata":{"emulator":{"name":"functions"},"function":{"name":"us-central1-api"},"extension":{},"message":"\u001b[90m> \u001b[39m Listening on http://localhost:3000..."}}
[debug] [2023-05-08T22:10:04.744Z] [runtime-status] [10622] Listening to port: /var/folders/wg/bkj1x9tn3yg6f0gwtsy5hx0c0000gn/T/fire_emu_f43590be1c872cab.sock {"metadata":{"emulator":{"name":"functions"},"function":{"name":"us-central1-api"},"extension":{},"message":"[runtime-status] [10622] Listening to port: /var/folders/wg/bkj1x9tn3yg6f0gwtsy5hx0c0000gn/T/fire_emu_f43590be1c872cab.sock"}}
[debug] [2023-05-08T22:10:04.845Z] [worker-us-central1-api-1952262b-6806-4b3a-bed9-6073b37f775e]: IDLE {"metadata":{"emulator":{"name":"functions"},"function":{"name":"us-central1-api"},"extension":{},"message":"[worker-us-central1-api-1952262b-6806-4b3a-bed9-6073b37f775e]: IDLE"}}
[debug] [2023-05-08T22:10:04.845Z] [worker-pool] submitRequest(triggerId=us-central1-api) {"metadata":{"emulator":{"name":"functions"},"message":"[worker-pool] submitRequest(triggerId=us-central1-api)"}}
[info] i  functions: Beginning execution of "us-central1-api" {"metadata":{"emulator":{"name":"functions"},"function":{"name":"us-central1-api"},"extension":{},"message":"Beginning execution of \"us-central1-api\""}}
[debug] [2023-05-08T22:10:04.845Z] [worker-us-central1-api-1952262b-6806-4b3a-bed9-6073b37f775e]: BUSY {"metadata":{"emulator":{"name":"functions"},"function":{"name":"us-central1-api"},"extension":{},"message":"[worker-us-central1-api-1952262b-6806-4b3a-bed9-6073b37f775e]: BUSY"}}
[info] i  functions: Finished "us-central1-api" in 4.472166ms {"metadata":{"emulator":{"name":"functions"},"function":{"name":"us-central1-api"},"extension":{},"message":"Finished \"us-central1-api\" in 4.472166ms"}}
[debug] [2023-05-08T22:10:04.850Z] [worker-us-central1-api-1952262b-6806-4b3a-bed9-6073b37f775e]: IDLE {"metadata":{"emulator":{"name":"functions"},"function":{"name":"us-central1-api"},"extension":{},"message":"[worker-us-central1-api-1952262b-6806-4b3a-bed9-6073b37f775e]: IDLE"}}
[debug] [2023-05-08T22:10:04.850Z] [work-queue] {"queuedWork":[],"queueLength":0,"runningWork":[],"workRunningCount":0}
[debug] [2023-05-08T22:10:18.749Z] [work-queue] {"queuedWork":["/bite-buster-api/us-central1/api/restaurants/monday-2023-05-08T22:10:18.749Z"],"queueLength":1,"runningWork":[],"workRunningCount":0}
[debug] [2023-05-08T22:10:18.749Z] [work-queue] {"queuedWork":[],"queueLength":0,"runningWork":["/bite-buster-api/us-central1/api/restaurants/monday-2023-05-08T22:10:18.749Z"],"workRunningCount":1}
[debug] [2023-05-08T22:10:18.749Z] Accepted request GET /bite-buster-api/us-central1/api/restaurants/monday --> us-central1-api
[debug] [2023-05-08T22:10:18.749Z] [functions] Runtime ready! Sending request! {"metadata":{"emulator":{"name":"functions"},"message":"[functions] Runtime ready! Sending request!"}}
[debug] [2023-05-08T22:10:18.750Z] [functions] Got req.url=/bite-buster-api/us-central1/api/restaurants/monday, mapping to path=/restaurants/monday {"metadata":{"emulator":{"name":"functions"},"message":"[functions] Got req.url=/bite-buster-api/us-central1/api/restaurants/monday, mapping to path=/restaurants/monday"}}
[debug] [2023-05-08T22:10:18.750Z] [worker-pool] submitRequest(triggerId=us-central1-api) {"metadata":{"emulator":{"name":"functions"},"message":"[worker-pool] submitRequest(triggerId=us-central1-api)"}}
[info] i  functions: Beginning execution of "us-central1-api" {"metadata":{"emulator":{"name":"functions"},"function":{"name":"us-central1-api"},"extension":{},"message":"Beginning execution of \"us-central1-api\""}}
[debug] [2023-05-08T22:10:18.750Z] [worker-us-central1-api-1952262b-6806-4b3a-bed9-6073b37f775e]: BUSY {"metadata":{"emulator":{"name":"functions"},"function":{"name":"us-central1-api"},"extension":{},"message":"[worker-us-central1-api-1952262b-6806-4b3a-bed9-6073b37f775e]: BUSY"}}
[info] i  functions: Finished "us-central1-api" in 704.729ms {"metadata":{"emulator":{"name":"functions"},"function":{"name":"us-central1-api"},"extension":{},"message":"Finished \"us-central1-api\" in 704.729ms"}}
[debug] [2023-05-08T22:10:19.457Z] [worker-us-central1-api-1952262b-6806-4b3a-bed9-6073b37f775e]: IDLE {"metadata":{"emulator":{"name":"functions"},"function":{"name":"us-central1-api"},"extension":{},"message":"[worker-us-central1-api-1952262b-6806-4b3a-bed9-6073b37f775e]: IDLE"}}
[debug] [2023-05-08T22:10:19.457Z] [work-queue] {"queuedWork":[],"queueLength":0,"runningWork":[],"workRunningCount":0}
[debug] [2023-05-08T22:10:33.651Z] [work-queue] {"queuedWork":["/bite-buster-api/us-central1/api/restaurants/tuesday-2023-05-08T22:10:33.651Z"],"queueLength":1,"runningWork":[],"workRunningCount":0}
[debug] [2023-05-08T22:10:33.652Z] [work-queue] {"queuedWork":[],"queueLength":0,"runningWork":["/bite-buster-api/us-central1/api/restaurants/tuesday-2023-05-08T22:10:33.651Z"],"workRunningCount":1}
[debug] [2023-05-08T22:10:33.652Z] Accepted request GET /bite-buster-api/us-central1/api/restaurants/tuesday --> us-central1-api
[debug] [2023-05-08T22:10:33.652Z] [functions] Runtime ready! Sending request! {"metadata":{"emulator":{"name":"functions"},"message":"[functions] Runtime ready! Sending request!"}}
[debug] [2023-05-08T22:10:33.652Z] [functions] Got req.url=/bite-buster-api/us-central1/api/restaurants/tuesday, mapping to path=/restaurants/tuesday {"metadata":{"emulator":{"name":"functions"},"message":"[functions] Got req.url=/bite-buster-api/us-central1/api/restaurants/tuesday, mapping to path=/restaurants/tuesday"}}
[debug] [2023-05-08T22:10:33.652Z] [worker-pool] submitRequest(triggerId=us-central1-api) {"metadata":{"emulator":{"name":"functions"},"message":"[worker-pool] submitRequest(triggerId=us-central1-api)"}}
[info] i  functions: Beginning execution of "us-central1-api" {"metadata":{"emulator":{"name":"functions"},"function":{"name":"us-central1-api"},"extension":{},"message":"Beginning execution of \"us-central1-api\""}}
[debug] [2023-05-08T22:10:33.653Z] [worker-us-central1-api-1952262b-6806-4b3a-bed9-6073b37f775e]: BUSY {"metadata":{"emulator":{"name":"functions"},"function":{"name":"us-central1-api"},"extension":{},"message":"[worker-us-central1-api-1952262b-6806-4b3a-bed9-6073b37f775e]: BUSY"}}
[info] i  functions: Finished "us-central1-api" in 83.768417ms {"metadata":{"emulator":{"name":"functions"},"function":{"name":"us-central1-api"},"extension":{},"message":"Finished \"us-central1-api\" in 83.768417ms"}}
[debug] [2023-05-08T22:10:33.737Z] [worker-us-central1-api-1952262b-6806-4b3a-bed9-6073b37f775e]: IDLE {"metadata":{"emulator":{"name":"functions"},"function":{"name":"us-central1-api"},"extension":{},"message":"[worker-us-central1-api-1952262b-6806-4b3a-bed9-6073b37f775e]: IDLE"}}
[debug] [2023-05-08T22:10:33.737Z] [work-queue] {"queuedWork":[],"queueLength":0,"runningWork":[],"workRunningCount":0}
